[2026-02-06 02:01] INFO I0001: Server startup complete, connected to database db-primary
[2026-02-06 02:02] INFO I0002: Health check passed, all services operational
[2026-02-06 02:03] DEBUG D0001: Processing incoming API request for user=42
[2026-02-06 02:03] INFO I0003: Payment initiated for user=42 amount=99.99
[2026-02-06 02:04] INFO I0006: Payment succeeded for user=42 transaction_id=TXN9901
[2026-02-06 02:05] DEBUG D0001: Processing incoming API request for user=88
[2026-02-06 02:05] INFO I0003: Payment initiated for user=88 amount=75.00
[2026-02-06 02:06] INFO I0006: Payment succeeded for user=88 transaction_id=TXN9902
[2026-02-06 02:07] WARN W1001: Database connection pool running low on db-primary, 3 of 20 connections available
[2026-02-06 02:07] DEBUG D0001: Processing incoming API request for user=156
[2026-02-06 02:08] WARN W1001: Database connection pool running low on db-primary, 1 of 20 connections available
[2026-02-06 02:08] INFO I0003: Payment initiated for user=156 amount=250.00
[2026-02-06 02:09] ERROR E1002: Database connection pool exhausted on db-primary, cannot acquire connection (0 of 20 available)
[2026-02-06 02:09] ERROR E2001: Database query timed out query=get_user_balance user=156 reason=no_database_connection_available duration=15s
[2026-02-06 02:10] ERROR E2002: Payment processing failed for user=156 amount=250.00 reason=database_connection_unavailable
[2026-02-06 02:10] DEBUG D0001: Processing incoming API request for user=201
[2026-02-06 02:10] INFO I0003: Payment initiated for user=201 amount=50.00
[2026-02-06 02:11] ERROR E1002: Database connection pool exhausted on db-primary, cannot acquire connection (0 of 20 available)
[2026-02-06 02:11] ERROR E2001: Database query timed out query=validate_payment_method user=201 reason=no_database_connection_available duration=15s
[2026-02-06 02:11] ERROR E2002: Payment processing failed for user=201 amount=50.00 reason=database_connection_unavailable
[2026-02-06 02:12] ERROR E1002: Database connection pool exhausted on db-primary, cannot acquire connection (0 of 20 available)
[2026-02-06 02:12] ERROR E2001: Database query timed out query=get_order_details order=ORD-4412 reason=no_database_connection_available duration=15s
[2026-02-06 02:12] ERROR E2003: Order processing failed for order=ORD-4412 reason=database_connection_unavailable
[2026-02-06 02:13] DEBUG D0001: Processing incoming API request for user=77
[2026-02-06 02:13] INFO I0003: Payment initiated for user=77 amount=500.00
[2026-02-06 02:14] ERROR E1002: Database connection pool exhausted on db-primary, cannot acquire connection (0 of 20 available)
[2026-02-06 02:14] ERROR E2001: Database query timed out query=check_fraud_score user=77 reason=no_database_connection_available duration=15s
[2026-02-06 02:14] ERROR E2002: Payment processing failed for user=77 amount=500.00 reason=database_connection_unavailable
[2026-02-06 02:15] ERROR E2002: Payment processing failed for user=310 amount=125.00 reason=database_connection_unavailable
[2026-02-06 02:16] ERROR E2002: Payment processing failed for user=415 amount=89.99 reason=database_connection_unavailable
[2026-02-06 02:17] ERROR E1002: Database connection pool exhausted on db-primary, cannot acquire connection (0 of 20 available)
[2026-02-06 02:17] ERROR E2003: Order processing failed for order=ORD-4413 reason=database_connection_unavailable
[2026-02-06 02:18] ERROR E2002: Payment processing failed for user=502 amount=199.00 reason=database_connection_unavailable
[2026-02-06 02:19] INFO I0002: Health check failed, unable to establish connection to database db-primary
[2026-02-06 02:20] ERROR E2002: Payment processing failed for user=88 amount=60.00 reason=database_connection_unavailable
